app/build/intermediates/manifest_merge_blame_file/cloneRelease/manifest-merger-blame-clone-release-report.txt
1<?xml version="1.0" encoding="utf-8"?>
2<manifest xmlns:android="http://schemas.android.com/apk/res/android"
3    package="com.conzchat.app.clone"
4    android:versionCode="407"
5    android:versionName="4.0.7" >
6
7    <uses-sdk
8        android:minSdkVersion="24"
9        android:targetSdkVersion="34" />
10
11    <!-- Network -->
12    <uses-permission android:name="android.permission.INTERNET" />
12-->src/main/AndroidManifest.xml:5:5-67
12-->src/main/AndroidManifest.xml:5:22-64
13    <uses-permission android:name="android.permission.ACCESS_NETWORK_STATE" />
13-->src/main/AndroidManifest.xml:6:5-79
13-->src/main/AndroidManifest.xml:6:22-76
14
15    <!-- Camera & Media -->
16    <uses-permission android:name="android.permission.CAMERA" />
16-->src/main/AndroidManifest.xml:9:5-65
16-->src/main/AndroidManifest.xml:9:22-62
17    <uses-permission
17-->src/main/AndroidManifest.xml:10:5-107
18        android:name="android.permission.READ_EXTERNAL_STORAGE"
18-->src/main/AndroidManifest.xml:10:22-77
19        android:maxSdkVersion="32" />
19-->src/main/AndroidManifest.xml:10:78-104
20    <uses-permission android:name="android.permission.READ_MEDIA_IMAGES" />
20-->src/main/AndroidManifest.xml:11:5-76
20-->src/main/AndroidManifest.xml:11:22-73
21    <uses-permission android:name="android.permission.READ_MEDIA_VIDEO" />
21-->src/main/AndroidManifest.xml:12:5-75
21-->src/main/AndroidManifest.xml:12:22-72
22    <uses-permission android:name="android.permission.READ_MEDIA_AUDIO" />
22-->src/main/AndroidManifest.xml:13:5-75
22-->src/main/AndroidManifest.xml:13:22-72
23    <uses-permission
23-->src/main/AndroidManifest.xml:14:5-108
24        android:name="android.permission.WRITE_EXTERNAL_STORAGE"
24-->src/main/AndroidManifest.xml:14:22-78
25        android:maxSdkVersion="28" />
25-->src/main/AndroidManifest.xml:14:79-105
26
27    <!-- Audio -->
28    <uses-permission android:name="android.permission.RECORD_AUDIO" />
28-->src/main/AndroidManifest.xml:17:5-71
28-->src/main/AndroidManifest.xml:17:22-68
29    <uses-permission android:name="android.permission.MODIFY_AUDIO_SETTINGS" />
29-->src/main/AndroidManifest.xml:18:5-80
29-->src/main/AndroidManifest.xml:18:22-77
30    <uses-permission
30-->src/main/AndroidManifest.xml:19:5-95
31        android:name="android.permission.BLUETOOTH"
31-->src/main/AndroidManifest.xml:19:22-65
32        android:maxSdkVersion="30" />
32-->src/main/AndroidManifest.xml:19:66-92
33    <uses-permission android:name="android.permission.BLUETOOTH_CONNECT" />
33-->src/main/AndroidManifest.xml:20:5-76
33-->src/main/AndroidManifest.xml:20:22-73
34
35    <!-- Notifications -->
36    <uses-permission android:name="android.permission.POST_NOTIFICATIONS" />
36-->src/main/AndroidManifest.xml:23:5-77
36-->src/main/AndroidManifest.xml:23:22-74
37    <uses-permission android:name="android.permission.VIBRATE" />
37-->src/main/AndroidManifest.xml:24:5-66
37-->src/main/AndroidManifest.xml:24:22-63
38
39    <!-- Foreground Service (calls) -->
40    <uses-permission android:name="android.permission.FOREGROUND_SERVICE" />
40-->src/main/AndroidManifest.xml:27:5-77
40-->src/main/AndroidManifest.xml:27:22-74
41    <uses-permission android:name="android.permission.FOREGROUND_SERVICE_PHONE_CALL" />
41-->src/main/AndroidManifest.xml:28:5-88
41-->src/main/AndroidManifest.xml:28:22-85
42    <uses-permission android:name="android.permission.MANAGE_OWN_CALLS" />
42-->src/main/AndroidManifest.xml:29:5-75
42-->src/main/AndroidManifest.xml:29:22-72
43    <uses-permission android:name="android.permission.USE_FULL_SCREEN_INTENT" />
43-->src/main/AndroidManifest.xml:30:5-81
43-->src/main/AndroidManifest.xml:30:22-78
44    <uses-permission android:name="android.permission.WAKE_LOCK" />
44-->src/main/AndroidManifest.xml:31:5-68
44-->src/main/AndroidManifest.xml:31:22-65
45    <uses-permission android:name="android.permission.RECEIVE_BOOT_COMPLETED" />
45-->src/main/AndroidManifest.xml:32:5-81
45-->src/main/AndroidManifest.xml:32:22-78
46
47    <!-- Hardware features -->
48    <uses-feature
48-->src/main/AndroidManifest.xml:35:5-85
49        android:name="android.hardware.camera"
49-->src/main/AndroidManifest.xml:35:19-57
50        android:required="false" />
50-->src/main/AndroidManifest.xml:35:58-82
51    <uses-feature
51-->src/main/AndroidManifest.xml:36:5-95
52        android:name="android.hardware.camera.autofocus"
52-->src/main/AndroidManifest.xml:36:19-67
53        android:required="false" />
53-->src/main/AndroidManifest.xml:36:68-92
54    <uses-feature
54-->src/main/AndroidManifest.xml:37:5-89
55        android:name="android.hardware.microphone"
55-->src/main/AndroidManifest.xml:37:19-61
56        android:required="false" />
56-->src/main/AndroidManifest.xml:37:62-86
57
58    <uses-permission android:name="android.permission.USE_BIOMETRIC" /> <!-- suppress DeprecatedClassUsageInspection -->
58-->[androidx.biometric:biometric:1.1.0] AndroidManifest.xml:24:5-72
58-->[androidx.biometric:biometric:1.1.0] AndroidManifest.xml:24:22-69
59    <uses-permission android:name="android.permission.USE_FINGERPRINT" /> <!-- Create a unique permission for your app and use it so only your app can receive your OneSignal messages. -->
59-->[androidx.biometric:biometric:1.1.0] AndroidManifest.xml:27:5-74
59-->[androidx.biometric:biometric:1.1.0] AndroidManifest.xml:27:22-71
60    <permission
60-->[com.onesignal:notifications:5.1.31] AndroidManifest.xml:10:5-12:47
61        android:name="com.conzchat.app.clone.permission.C2D_MESSAGE"
61-->[com.onesignal:notifications:5.1.31] AndroidManifest.xml:11:9-63
62        android:protectionLevel="signature" />
62-->[com.onesignal:notifications:5.1.31] AndroidManifest.xml:12:9-44
63
64    <uses-permission android:name="com.conzchat.app.clone.permission.C2D_MESSAGE" /> <!-- c2dm RECEIVE are basic requirements for push messages through Google's FCM -->
64-->[com.onesignal:notifications:5.1.31] AndroidManifest.xml:14:5-79
64-->[com.onesignal:notifications:5.1.31] AndroidManifest.xml:14:22-76
65    <uses-permission android:name="com.google.android.c2dm.permission.RECEIVE" /> <!-- START: ShortcutBadger -->
65-->[com.onesignal:notifications:5.1.31] AndroidManifest.xml:19:5-82
65-->[com.onesignal:notifications:5.1.31] AndroidManifest.xml:19:22-79
66    <!-- Samsung -->
67    <uses-permission android:name="com.sec.android.provider.badge.permission.READ" />
67-->[com.onesignal:notifications:5.1.31] AndroidManifest.xml:31:5-86
67-->[com.onesignal:notifications:5.1.31] AndroidManifest.xml:31:22-83
68    <uses-permission android:name="com.sec.android.provider.badge.permission.WRITE" /> <!-- HTC -->
68-->[com.onesignal:notifications:5.1.31] AndroidManifest.xml:32:5-87
68-->[com.onesignal:notifications:5.1.31] AndroidManifest.xml:32:22-84
69    <uses-permission android:name="com.htc.launcher.permission.READ_SETTINGS" />
69-->[com.onesignal:notifications:5.1.31] AndroidManifest.xml:33:5-81
69-->[com.onesignal:notifications:5.1.31] AndroidManifest.xml:33:22-78
70    <uses-permission android:name="com.htc.launcher.permission.UPDATE_SHORTCUT" /> <!-- Sony -->
70-->[com.onesignal:notifications:5.1.31] AndroidManifest.xml:34:5-83
70-->[com.onesignal:notifications:5.1.31] AndroidManifest.xml:34:22-80
71    <uses-permission android:name="com.sonyericsson.home.permission.BROADCAST_BADGE" />
71-->[com.onesignal:notifications:5.1.31] AndroidManifest.xml:35:5-88
71-->[com.onesignal:notifications:5.1.31] AndroidManifest.xml:35:22-85
72    <uses-permission android:name="com.sonymobile.home.permission.PROVIDER_INSERT_BADGE" /> <!-- Apex -->
72-->[com.onesignal:notifications:5.1.31] AndroidManifest.xml:36:5-92
72-->[com.onesignal:notifications:5.1.31] AndroidManifest.xml:36:22-89
73    <uses-permission android:name="com.anddoes.launcher.permission.UPDATE_COUNT" /> <!-- Solid -->
73-->[com.onesignal:notifications:5.1.31] AndroidManifest.xml:37:5-84
73-->[com.onesignal:notifications:5.1.31] AndroidManifest.xml:37:22-81
74    <uses-permission android:name="com.majeur.launcher.permission.UPDATE_BADGE" /> <!-- Huawei -->
74-->[com.onesignal:notifications:5.1.31] AndroidManifest.xml:38:5-83
74-->[com.onesignal:notifications:5.1.31] AndroidManifest.xml:38:22-80
75    <uses-permission android:name="com.huawei.android.launcher.permission.CHANGE_BADGE" />
75-->[com.onesignal:notifications:5.1.31] AndroidManifest.xml:39:5-91
75-->[com.onesignal:notifications:5.1.31] AndroidManifest.xml:39:22-88
76    <uses-permission android:name="com.huawei.android.launcher.permission.READ_SETTINGS" />
76-->[com.onesignal:notifications:5.1.31] AndroidManifest.xml:40:5-92
76-->[com.onesignal:notifications:5.1.31] AndroidManifest.xml:40:22-89
77    <uses-permission android:name="com.huawei.android.launcher.permission.WRITE_SETTINGS" /> <!-- ZUK -->
77-->[com.onesignal:notifications:5.1.31] AndroidManifest.xml:41:5-93
77-->[com.onesignal:notifications:5.1.31] AndroidManifest.xml:41:22-90
78    <uses-permission android:name="android.permission.READ_APP_BADGE" /> <!-- OPPO -->
78-->[com.onesignal:notifications:5.1.31] AndroidManifest.xml:42:5-73
78-->[com.onesignal:notifications:5.1.31] AndroidManifest.xml:42:22-70
79    <uses-permission android:name="com.oppo.launcher.permission.READ_SETTINGS" />
79-->[com.onesignal:notifications:5.1.31] AndroidManifest.xml:43:5-82
79-->[com.onesignal:notifications:5.1.31] AndroidManifest.xml:43:22-79
80    <uses-permission android:name="com.oppo.launcher.permission.WRITE_SETTINGS" /> <!-- EvMe -->
80-->[com.onesignal:notifications:5.1.31] AndroidManifest.xml:44:5-83
80-->[com.onesignal:notifications:5.1.31] AndroidManifest.xml:44:22-80
81    <uses-permission android:name="me.everything.badger.permission.BADGE_COUNT_READ" />
81-->[com.onesignal:notifications:5.1.31] AndroidManifest.xml:45:5-88
81-->[com.onesignal:notifications:5.1.31] AndroidManifest.xml:45:22-85
82    <uses-permission android:name="me.everything.badger.permission.BADGE_COUNT_WRITE" />
82-->[com.onesignal:notifications:5.1.31] AndroidManifest.xml:46:5-89
82-->[com.onesignal:notifications:5.1.31] AndroidManifest.xml:46:22-86
83    <uses-permission android:name="com.google.android.finsky.permission.BIND_GET_INSTALL_REFERRER_SERVICE" />
83-->[com.google.android.gms:play-services-measurement:21.5.0] AndroidManifest.xml:26:5-110
83-->[com.google.android.gms:play-services-measurement:21.5.0] AndroidManifest.xml:26:22-107
84    <uses-permission android:name="com.google.android.gms.permission.AD_ID" />
84-->[com.google.android.gms:play-services-measurement-impl:21.5.0] AndroidManifest.xml:27:5-79
84-->[com.google.android.gms:play-services-measurement-impl:21.5.0] AndroidManifest.xml:27:22-76
85
86    <permission
86-->[androidx.core:core:1.12.0] AndroidManifest.xml:22:5-24:47
87        android:name="com.conzchat.app.clone.DYNAMIC_RECEIVER_NOT_EXPORTED_PERMISSION"
87-->[androidx.core:core:1.12.0] AndroidManifest.xml:23:9-81
88        android:protectionLevel="signature" />
88-->[androidx.core:core:1.12.0] AndroidManifest.xml:24:9-44
89
90    <uses-permission android:name="com.conzchat.app.clone.DYNAMIC_RECEIVER_NOT_EXPORTED_PERMISSION" />
90-->[androidx.core:core:1.12.0] AndroidManifest.xml:26:5-97
90-->[androidx.core:core:1.12.0] AndroidManifest.xml:26:22-94
91    <uses-permission android:name="android.permission.ACCESS_ADSERVICES_ATTRIBUTION" />
91-->[com.google.android.gms:play-services-measurement-api:21.5.0] AndroidManifest.xml:26:5-88
91-->[com.google.android.gms:play-services-measurement-api:21.5.0] AndroidManifest.xml:26:22-85
92    <uses-permission android:name="android.permission.ACCESS_ADSERVICES_AD_ID" />
92-->[com.google.android.gms:play-services-measurement-api:21.5.0] AndroidManifest.xml:27:5-82
92-->[com.google.android.gms:play-services-measurement-api:21.5.0] AndroidManifest.xml:27:22-79
93
94    <application
94-->src/main/AndroidManifest.xml:39:5-109:19
95        android:name="com.conzchat.app.ConzChatApp"
95-->src/main/AndroidManifest.xml:40:9-36
96        android:allowBackup="true"
96-->src/main/AndroidManifest.xml:41:9-35
97        android:appComponentFactory="androidx.core.app.CoreComponentFactory"
97-->[androidx.core:core:1.12.0] AndroidManifest.xml:28:18-86
98        android:extractNativeLibs="false"
99        android:hardwareAccelerated="true"
99-->src/main/AndroidManifest.xml:48:9-43
100        android:icon="@mipmap/ic_launcher"
100-->src/main/AndroidManifest.xml:42:9-43
101        android:label="@string/app_name"
101-->src/main/AndroidManifest.xml:43:9-41
102        android:largeHeap="true"
102-->src/main/AndroidManifest.xml:49:9-33
103        android:roundIcon="@mipmap/ic_launcher_round"
103-->src/main/AndroidManifest.xml:44:9-54
104        android:supportsRtl="true"
104-->src/main/AndroidManifest.xml:45:9-35
105        android:theme="@style/Theme.ConzChat"
105-->src/main/AndroidManifest.xml:46:9-46
106        android:usesCleartextTraffic="true" >
106-->src/main/AndroidManifest.xml:47:9-44
107
108        <!-- App Lock Activity (launcher entry point) -->
109        <activity
109-->src/main/AndroidManifest.xml:52:9-61:20
110            android:name="com.conzchat.app.AppLockActivity"
110-->src/main/AndroidManifest.xml:53:13-44
111            android:exported="true"
111-->src/main/AndroidManifest.xml:54:13-36
112            android:screenOrientation="portrait"
112-->src/main/AndroidManifest.xml:55:13-49
113            android:theme="@style/Theme.ConzChat" >
113-->src/main/AndroidManifest.xml:56:13-50
114            <intent-filter>
114-->src/main/AndroidManifest.xml:57:13-60:29
115                <action android:name="android.intent.action.MAIN" />
115-->src/main/AndroidManifest.xml:58:17-69
115-->src/main/AndroidManifest.xml:58:25-66
116
117                <category android:name="android.intent.category.LAUNCHER" />
117-->src/main/AndroidManifest.xml:59:17-77
117-->src/main/AndroidManifest.xml:59:27-74
118            </intent-filter>
119        </activity>
120
121        <!-- Main Activity -->
122        <activity
122-->src/main/AndroidManifest.xml:64:9-70:43
123            android:name="com.conzchat.app.MainActivity"
123-->src/main/AndroidManifest.xml:65:13-41
124            android:exported="true"
124-->src/main/AndroidManifest.xml:66:13-36
125            android:screenOrientation="portrait"
125-->src/main/AndroidManifest.xml:68:13-49
126            android:showOnLockScreen="true"
126-->src/main/AndroidManifest.xml:69:13-44
127            android:turnScreenOn="true"
127-->src/main/AndroidManifest.xml:70:13-40
128            android:windowSoftInputMode="adjustResize" />
128-->src/main/AndroidManifest.xml:67:13-55
129
130        <!-- File Provider for camera -->
131        <provider
132            android:name="androidx.core.content.FileProvider"
132-->src/main/AndroidManifest.xml:74:13-62
133            android:authorities="com.conzchat.app.clone.provider"
133-->src/main/AndroidManifest.xml:75:13-60
134            android:exported="false"
134-->src/main/AndroidManifest.xml:76:13-37
135            android:grantUriPermissions="true" >
135-->src/main/AndroidManifest.xml:77:13-47
136            <meta-data
136-->src/main/AndroidManifest.xml:78:13-80:54
137                android:name="android.support.FILE_PROVIDER_PATHS"
137-->src/main/AndroidManifest.xml:79:17-67
138                android:resource="@xml/file_paths" />
138-->src/main/AndroidManifest.xml:80:17-51
139        </provider>
140
141        <!-- FCM Service -->
142        <service
142-->src/main/AndroidManifest.xml:84:9-90:19
143            android:name="com.conzchat.app.service.ConzFirebaseMessagingService"
143-->src/main/AndroidManifest.xml:85:13-65
144            android:exported="false" >
144-->src/main/AndroidManifest.xml:86:13-37
145            <intent-filter>
145-->src/main/AndroidManifest.xml:87:13-89:29
146                <action android:name="com.google.firebase.MESSAGING_EVENT" />
146-->src/main/AndroidManifest.xml:88:17-78
146-->src/main/AndroidManifest.xml:88:25-75
147            </intent-filter>
148        </service>
149
150        <!-- Call Foreground Service -->
151        <service
151-->src/main/AndroidManifest.xml:93:9-96:57
152            android:name="com.conzchat.app.service.CallService"
152-->src/main/AndroidManifest.xml:94:13-48
153            android:exported="false"
153-->src/main/AndroidManifest.xml:95:13-37
154            android:foregroundServiceType="phoneCall" />
154-->src/main/AndroidManifest.xml:96:13-54
155
156        <!-- Notification channels metadata -->
157        <meta-data
157-->src/main/AndroidManifest.xml:99:9-101:49
158            android:name="com.google.firebase.messaging.default_notification_channel_id"
158-->src/main/AndroidManifest.xml:100:13-89
159            android:value="conzchat_messages" />
159-->src/main/AndroidManifest.xml:101:13-46
160        <meta-data
160-->src/main/AndroidManifest.xml:102:9-104:60
161            android:name="com.google.firebase.messaging.default_notification_icon"
161-->src/main/AndroidManifest.xml:103:13-83
162            android:resource="@drawable/ic_notification" />
162-->src/main/AndroidManifest.xml:104:13-57
163        <meta-data
163-->src/main/AndroidManifest.xml:105:9-107:54
164            android:name="com.google.firebase.messaging.default_notification_color"
164-->src/main/AndroidManifest.xml:106:13-84
165            android:resource="@color/colorPrimary" />
165-->src/main/AndroidManifest.xml:107:13-51
166
167        <service
167-->[androidx.camera:camera-camera2:1.3.1] AndroidManifest.xml:24:9-33:19
168            android:name="androidx.camera.core.impl.MetadataHolderService"
168-->[androidx.camera:camera-camera2:1.3.1] AndroidManifest.xml:25:13-75
169            android:enabled="false"
169-->[androidx.camera:camera-camera2:1.3.1] AndroidManifest.xml:26:13-36
170            android:exported="false" >
170-->[androidx.camera:camera-camera2:1.3.1] AndroidManifest.xml:27:13-37
171            <meta-data
171-->[androidx.camera:camera-camera2:1.3.1] AndroidManifest.xml:30:13-32:89
172                android:name="androidx.camera.core.impl.MetadataHolderService.DEFAULT_CONFIG_PROVIDER"
172-->[androidx.camera:camera-camera2:1.3.1] AndroidManifest.xml:31:17-103
173                android:value="androidx.camera.camera2.Camera2Config$DefaultProvider" />
173-->[androidx.camera:camera-camera2:1.3.1] AndroidManifest.xml:32:17-86
174        </service>
175        <service
175-->[com.google.android.gms:play-services-mlkit-face-detection:17.1.0] AndroidManifest.xml:9:9-15:19
176            android:name="com.google.mlkit.common.internal.MlKitComponentDiscoveryService"
176-->[com.google.android.gms:play-services-mlkit-face-detection:17.1.0] AndroidManifest.xml:10:13-91
177            android:directBootAware="true"
177-->[com.google.mlkit:common:18.10.0] AndroidManifest.xml:17:13-43
178            android:exported="false" >
178-->[com.google.android.gms:play-services-mlkit-face-detection:17.1.0] AndroidManifest.xml:11:13-37
179            <meta-data
179-->[com.google.android.gms:play-services-mlkit-face-detection:17.1.0] AndroidManifest.xml:12:13-14:85
180                android:name="com.google.firebase.components:com.google.mlkit.vision.face.internal.FaceRegistrar"
180-->[com.google.android.gms:play-services-mlkit-face-detection:17.1.0] AndroidManifest.xml:13:17-114
181                android:value="com.google.firebase.components.ComponentRegistrar" />
181-->[com.google.android.gms:play-services-mlkit-face-detection:17.1.0] AndroidManifest.xml:14:17-82
182            <meta-data
182-->[com.google.mlkit:vision-common:17.2.0] AndroidManifest.xml:12:13-14:85
183                android:name="com.google.firebase.components:com.google.mlkit.vision.common.internal.VisionCommonRegistrar"
183-->[com.google.mlkit:vision-common:17.2.0] AndroidManifest.xml:13:17-124
184                android:value="com.google.firebase.components.ComponentRegistrar" />
184-->[com.google.mlkit:vision-common:17.2.0] AndroidManifest.xml:14:17-82
185            <meta-data
185-->[com.google.mlkit:common:18.10.0] AndroidManifest.xml:20:13-22:85
186                android:name="com.google.firebase.components:com.google.mlkit.common.internal.CommonComponentRegistrar"
186-->[com.google.mlkit:common:18.10.0] AndroidManifest.xml:21:17-120
187                android:value="com.google.firebase.components.ComponentRegistrar" />
187-->[com.google.mlkit:common:18.10.0] AndroidManifest.xml:22:17-82
188        </service>
189
190        <provider
190-->[com.google.mlkit:common:18.10.0] AndroidManifest.xml:9:9-13:38
191            android:name="com.google.mlkit.common.internal.MlKitInitProvider"
191-->[com.google.mlkit:common:18.10.0] AndroidManifest.xml:10:13-78
192            android:authorities="com.conzchat.app.clone.mlkitinitprovider"
192-->[com.google.mlkit:common:18.10.0] AndroidManifest.xml:11:13-69
193            android:exported="false"
193-->[com.google.mlkit:common:18.10.0] AndroidManifest.xml:12:13-37
194            android:initOrder="99" />
194-->[com.google.mlkit:common:18.10.0] AndroidManifest.xml:13:13-35
195
196        <receiver
196-->[com.onesignal:notifications:5.1.31] AndroidManifest.xml:49:9-60:20
197            android:name="com.onesignal.notifications.receivers.FCMBroadcastReceiver"
197-->[com.onesignal:notifications:5.1.31] AndroidManifest.xml:50:13-86
198            android:exported="true"
198-->[com.onesignal:notifications:5.1.31] AndroidManifest.xml:51:13-36
199            android:permission="com.google.android.c2dm.permission.SEND" >
199-->[com.onesignal:notifications:5.1.31] AndroidManifest.xml:52:13-73
200
201            <!-- High priority so OneSignal payloads can be filtered from other FCM receivers -->
202            <intent-filter android:priority="999" >
202-->[com.onesignal:notifications:5.1.31] AndroidManifest.xml:55:13-59:29
202-->[com.onesignal:notifications:5.1.31] AndroidManifest.xml:55:28-50
203                <action android:name="com.google.android.c2dm.intent.RECEIVE" />
203-->[com.onesignal:notifications:5.1.31] AndroidManifest.xml:56:17-81
203-->[com.onesignal:notifications:5.1.31] AndroidManifest.xml:56:25-78
204
205                <category android:name="com.conzchat.app.clone" />
205-->[com.onesignal:notifications:5.1.31] AndroidManifest.xml:58:17-61
205-->[com.onesignal:notifications:5.1.31] AndroidManifest.xml:58:27-58
206            </intent-filter>
207        </receiver>
208
209        <service
209-->[com.onesignal:notifications:5.1.31] AndroidManifest.xml:62:9-68:19
210            android:name="com.onesignal.notifications.services.HmsMessageServiceOneSignal"
210-->[com.onesignal:notifications:5.1.31] AndroidManifest.xml:63:13-91
211            android:exported="false" >
211-->[com.onesignal:notifications:5.1.31] AndroidManifest.xml:64:13-37
212            <intent-filter>
212-->[com.onesignal:notifications:5.1.31] AndroidManifest.xml:65:13-67:29
213                <action android:name="com.huawei.push.action.MESSAGING_EVENT" />
213-->[com.onesignal:notifications:5.1.31] AndroidManifest.xml:66:17-81
213-->[com.onesignal:notifications:5.1.31] AndroidManifest.xml:66:25-78
214            </intent-filter>
215        </service> <!-- CAUTION: OneSignal backend includes the activity name in the payload, modifying the name without sync may result in notification click not firing -->
216        <activity
216-->[com.onesignal:notifications:5.1.31] AndroidManifest.xml:69:9-77:20
217            android:name="com.onesignal.NotificationOpenedActivityHMS"
217-->[com.onesignal:notifications:5.1.31] AndroidManifest.xml:70:13-71
218            android:exported="true"
218-->[com.onesignal:notifications:5.1.31] AndroidManifest.xml:71:13-36
219            android:noHistory="true"
219-->[com.onesignal:notifications:5.1.31] AndroidManifest.xml:72:13-37
220            android:theme="@android:style/Theme.Translucent.NoTitleBar" >
220-->[com.onesignal:notifications:5.1.31] AndroidManifest.xml:73:13-72
221            <intent-filter>
221-->[com.onesignal:notifications:5.1.31] AndroidManifest.xml:74:13-76:29
222                <action android:name="android.intent.action.VIEW" />
222-->[com.onesignal:notifications:5.1.31] AndroidManifest.xml:75:17-69
222-->[com.onesignal:notifications:5.1.31] AndroidManifest.xml:75:25-66
223            </intent-filter>
224        </activity>
225
226        <receiver
226-->[com.onesignal:notifications:5.1.31] AndroidManifest.xml:79:9-81:39
227            android:name="com.onesignal.notifications.receivers.NotificationDismissReceiver"
227-->[com.onesignal:notifications:5.1.31] AndroidManifest.xml:80:13-93
228            android:exported="true" />
228-->[com.onesignal:notifications:5.1.31] AndroidManifest.xml:81:13-36
229        <receiver
229-->[com.onesignal:notifications:5.1.31] AndroidManifest.xml:82:9-89:20
230            android:name="com.onesignal.notifications.receivers.BootUpReceiver"
230-->[com.onesignal:notifications:5.1.31] AndroidManifest.xml:83:13-80
231            android:exported="true" >
231-->[com.onesignal:notifications:5.1.31] AndroidManifest.xml:84:13-36
232            <intent-filter>
232-->[com.onesignal:notifications:5.1.31] AndroidManifest.xml:85:13-88:29
233                <action android:name="android.intent.action.BOOT_COMPLETED" />
233-->[com.onesignal:notifications:5.1.31] AndroidManifest.xml:86:17-79
233-->[com.onesignal:notifications:5.1.31] AndroidManifest.xml:86:25-76
234                <action android:name="android.intent.action.QUICKBOOT_POWERON" />
234-->[com.onesignal:notifications:5.1.31] AndroidManifest.xml:87:17-82
234-->[com.onesignal:notifications:5.1.31] AndroidManifest.xml:87:25-79
235            </intent-filter>
236        </receiver>
237        <receiver
237-->[com.onesignal:notifications:5.1.31] AndroidManifest.xml:90:9-96:20
238            android:name="com.onesignal.notifications.receivers.UpgradeReceiver"
238-->[com.onesignal:notifications:5.1.31] AndroidManifest.xml:91:13-81
239            android:exported="true" >
239-->[com.onesignal:notifications:5.1.31] AndroidManifest.xml:92:13-36
240            <intent-filter>
240-->[com.onesignal:notifications:5.1.31] AndroidManifest.xml:93:13-95:29
241                <action android:name="android.intent.action.MY_PACKAGE_REPLACED" />
241-->[com.onesignal:notifications:5.1.31] AndroidManifest.xml:94:17-84
241-->[com.onesignal:notifications:5.1.31] AndroidManifest.xml:94:25-81
242            </intent-filter>
243        </receiver>
244
245        <activity
245-->[com.onesignal:notifications:5.1.31] AndroidManifest.xml:98:9-104:75
246            android:name="com.onesignal.notifications.activities.NotificationOpenedActivity"
246-->[com.onesignal:notifications:5.1.31] AndroidManifest.xml:99:13-93
247            android:excludeFromRecents="true"
247-->[com.onesignal:notifications:5.1.31] AndroidManifest.xml:100:13-46
248            android:exported="true"
248-->[com.onesignal:notifications:5.1.31] AndroidManifest.xml:101:13-36
249            android:noHistory="true"
249-->[com.onesignal:notifications:5.1.31] AndroidManifest.xml:102:13-37
250            android:taskAffinity=""
250-->[com.onesignal:notifications:5.1.31] AndroidManifest.xml:103:13-36
251            android:theme="@android:style/Theme.Translucent.NoTitleBar" />
251-->[com.onesignal:notifications:5.1.31] AndroidManifest.xml:104:13-72
252        <activity
252-->[com.onesignal:notifications:5.1.31] AndroidManifest.xml:105:9-110:75
253            android:name="com.onesignal.notifications.activities.NotificationOpenedActivityAndroid22AndOlder"
253-->[com.onesignal:notifications:5.1.31] AndroidManifest.xml:106:13-110
254            android:excludeFromRecents="true"
254-->[com.onesignal:notifications:5.1.31] AndroidManifest.xml:107:13-46
255            android:exported="true"
255-->[com.onesignal:notifications:5.1.31] AndroidManifest.xml:108:13-36
256            android:noHistory="true"
256-->[com.onesignal:notifications:5.1.31] AndroidManifest.xml:109:13-37
257            android:theme="@android:style/Theme.Translucent.NoTitleBar" />
257-->[com.onesignal:notifications:5.1.31] AndroidManifest.xml:110:13-72
258
259        <service
259-->[com.onesignal:core:5.1.31] AndroidManifest.xml:13:9-16:72
260            android:name="com.onesignal.core.services.SyncJobService"
260-->[com.onesignal:core:5.1.31] AndroidManifest.xml:14:13-70
261            android:exported="false"
261-->[com.onesignal:core:5.1.31] AndroidManifest.xml:15:13-37
262            android:permission="android.permission.BIND_JOB_SERVICE" />
262-->[com.onesignal:core:5.1.31] AndroidManifest.xml:16:13-69
263
264        <activity
264-->[com.onesignal:core:5.1.31] AndroidManifest.xml:18:9-21:75
265            android:name="com.onesignal.core.activities.PermissionsActivity"
265-->[com.onesignal:core:5.1.31] AndroidManifest.xml:19:13-77
266            android:exported="false"
266-->[com.onesignal:core:5.1.31] AndroidManifest.xml:20:13-37
267            android:theme="@android:style/Theme.Translucent.NoTitleBar" />
267-->[com.onesignal:core:5.1.31] AndroidManifest.xml:21:13-72
268
269        <service
269-->[com.google.firebase:firebase-storage-ktx:20.3.0] AndroidManifest.xml:9:9-15:19
270            android:name="com.google.firebase.components.ComponentDiscoveryService"
270-->[com.google.firebase:firebase-storage-ktx:20.3.0] AndroidManifest.xml:10:13-84
271            android:directBootAware="true"
271-->[com.google.firebase:firebase-common:20.4.2] AndroidManifest.xml:32:13-43
272            android:exported="false" >
272-->[com.google.firebase:firebase-storage-ktx:20.3.0] AndroidManifest.xml:11:13-37
273            <meta-data
273-->[com.google.firebase:firebase-storage-ktx:20.3.0] AndroidManifest.xml:12:13-14:85
274                android:name="com.google.firebase.components:com.google.firebase.storage.ktx.FirebaseStorageLegacyRegistrar"
274-->[com.google.firebase:firebase-storage-ktx:20.3.0] AndroidManifest.xml:13:17-125
275                android:value="com.google.firebase.components.ComponentRegistrar" />
275-->[com.google.firebase:firebase-storage-ktx:20.3.0] AndroidManifest.xml:14:17-82
276            <meta-data